# JRE version: OpenJDK Runtime Environment (8.0_242-b01) (build 1.8.0_242-release-1644-b01)
# Java VM: OpenJDK 64-Bit Server VM (25.242-b01 mixed mode windows-amd64 compressed oops)
Heap:
 PSYoungGen      total 290304K, used 215747K [0x00000000d5580000, 0x00000000e9700000, 0x0000000100000000)
  eden space 258048K, 73% used [0x00000000d5580000,0x00000000e0e5b330,0x00000000e5180000)
  from space 32256K, 82% used [0x00000000e7400000,0x00000000e8dd5970,0x00000000e9380000)
  to   space 35328K, 0% used [0x00000000e5180000,0x00000000e5180000,0x00000000e7400000)
 ParOldGen       total 208896K, used 60662K [0x0000000080000000, 0x000000008cc00000, 0x00000000d5580000)
  object space 208896K, 29% used [0x0000000080000000,0x0000000083b3d938,0x000000008cc00000)
 Metaspace       used 110747K, capacity 115900K, committed 116172K, reserved 1148928K
  class space    used 14774K, capacity 15837K, committed 15872K, reserved 1048576K
GC Heap History (10 events):
Event: 506.905 GC heap before
{Heap before GC invocations=18 (full 3):
 PSYoungGen      total 218112K, used 218104K [0x00000000d5580000, 0x00000000e4780000, 0x0000000100000000)
  eden space 200192K, 100% used [0x00000000d5580000,0x00000000e1900000,0x00000000e1900000)
  from space 17920K, 99% used [0x00000000e3000000,0x00000000e417e2c0,0x00000000e4180000)
  to   space 23552K, 0% used [0x00000000e1900000,0x00000000e1900000,0x00000000e3000000)
 ParOldGen       total 140288K, used 43948K [0x0000000080000000, 0x0000000088900000, 0x00000000d5580000)
  object space 140288K, 31% used [0x0000000080000000,0x0000000082aeb138,0x0000000088900000)
 Metaspace       used 88296K, capacity 93028K, committed 93144K, reserved 1130496K
  class space    used 11760K, capacity 12725K, committed 12800K, reserved 1048576K
Event: 506.931 GC heap after
Heap after GC invocations=18 (full 3):
 PSYoungGen      total 223744K, used 23538K [0x00000000d5580000, 0x00000000e6f00000, 0x0000000100000000)
  eden space 200192K, 0% used [0x00000000d5580000,0x00000000d5580000,0x00000000e1900000)
  from space 23552K, 99% used [0x00000000e1900000,0x00000000e2ffc838,0x00000000e3000000)
  to   space 30720K, 0% used [0x00000000e5100000,0x00000000e5100000,0x00000000e6f00000)
 ParOldGen       total 140288K, used 54248K [0x0000000080000000, 0x0000000088900000, 0x00000000d5580000)
  object space 140288K, 38% used [0x0000000080000000,0x00000000834fa2b8,0x0000000088900000)
 Metaspace       used 88296K, capacity 93028K, committed 93144K, reserved 1130496K
  class space    used 11760K, capacity 12725K, committed 12800K, reserved 1048576K
}
Event: 507.465 GC heap before
{Heap before GC invocations=19 (full 3):
 PSYoungGen      total 223744K, used 86686K [0x00000000d5580000, 0x00000000e6f00000, 0x0000000100000000)
  eden space 200192K, 31% used [0x00000000d5580000,0x00000000d932b270,0x00000000e1900000)
  from space 23552K, 99% used [0x00000000e1900000,0x00000000e2ffc838,0x00000000e3000000)
  to   space 30720K, 0% used [0x00000000e5100000,0x00000000e5100000,0x00000000e6f00000)
 ParOldGen       total 140288K, used 54248K [0x0000000080000000, 0x0000000088900000, 0x00000000d5580000)
  object space 140288K, 38% used [0x0000000080000000,0x00000000834fa2b8,0x0000000088900000)
 Metaspace       used 93425K, capacity 98252K, committed 98380K, reserved 1134592K
  class space    used 12367K, capacity 13357K, committed 13440K, reserved 1048576K
Event: 507.485 GC heap after
Heap after GC invocations=19 (full 3):
 PSYoungGen      total 258560K, used 8717K [0x00000000d5580000, 0x00000000e7a80000, 0x0000000100000000)
  eden space 227840K, 0% used [0x00000000d5580000,0x00000000d5580000,0x00000000e3400000)
  from space 30720K, 28% used [0x00000000e5100000,0x00000000e5983530,0x00000000e6f00000)
  to   space 29696K, 0% used [0x00000000e3400000,0x00000000e3400000,0x00000000e5100000)
 ParOldGen       total 140288K, used 74280K [0x0000000080000000, 0x0000000088900000, 0x00000000d5580000)
  object space 140288K, 52% used [0x0000000080000000,0x000000008488a020,0x0000000088900000)
 Metaspace       used 93425K, capacity 98252K, committed 98380K, reserved 1134592K
  class space    used 12367K, capacity 13357K, committed 13440K, reserved 1048576K
}
Event: 507.485 GC heap before
{Heap before GC invocations=20 (full 4):
 PSYoungGen      total 258560K, used 8717K [0x00000000d5580000, 0x00000000e7a80000, 0x0000000100000000)
  eden space 227840K, 0% used [0x00000000d5580000,0x00000000d5580000,0x00000000e3400000)
  from space 30720K, 28% used [0x00000000e5100000,0x00000000e5983530,0x00000000e6f00000)
  to   space 29696K, 0% used [0x00000000e3400000,0x00000000e3400000,0x00000000e5100000)
 ParOldGen       total 140288K, used 74280K [0x0000000080000000, 0x0000000088900000, 0x00000000d5580000)
  object space 140288K, 52% used [0x0000000080000000,0x000000008488a020,0x0000000088900000)
 Metaspace       used 93425K, capacity 98252K, committed 98380K, reserved 1134592K
  class space    used 12367K, capacity 13357K, committed 13440K, reserved 1048576K
Event: 507.648 GC heap after
Heap after GC invocations=20 (full 4):
 PSYoungGen      total 258560K, used 0K [0x00000000d5580000, 0x00000000e7a80000, 0x0000000100000000)
  eden space 227840K, 0% used [0x00000000d5580000,0x00000000d5580000,0x00000000e3400000)
  from space 30720K, 0% used [0x00000000e5100000,0x00000000e5100000,0x00000000e6f00000)
  to   space 29696K, 0% used [0x00000000e3400000,0x00000000e3400000,0x00000000e5100000)
 ParOldGen       total 208896K, used 60646K [0x0000000080000000, 0x000000008cc00000, 0x00000000d5580000)
  object space 208896K, 29% used [0x0000000080000000,0x0000000083b39938,0x000000008cc00000)
 Metaspace       used 93172K, capacity 97500K, committed 98380K, reserved 1134592K
  class space    used 12285K, capacity 13211K, committed 13440K, reserved 1048576K
}
Event: 510.935 GC heap before
{Heap before GC invocations=21 (full 4):
 PSYoungGen      total 258560K, used 227840K [0x00000000d5580000, 0x00000000e7a80000, 0x0000000100000000)
  eden space 227840K, 100% used [0x00000000d5580000,0x00000000e3400000,0x00000000e3400000)
  from space 30720K, 0% used [0x00000000e5100000,0x00000000e5100000,0x00000000e6f00000)
  to   space 29696K, 0% used [0x00000000e3400000,0x00000000e3400000,0x00000000e5100000)
 ParOldGen       total 208896K, used 60646K [0x0000000080000000, 0x000000008cc00000, 0x00000000d5580000)
  object space 208896K, 29% used [0x0000000080000000,0x0000000083b39938,0x000000008cc00000)
 Metaspace       used 104218K, capacity 109048K, committed 109260K, reserved 1142784K
  class space    used 13967K, capacity 14983K, committed 15104K, reserved 1048576K
Event: 510.956 GC heap after
Heap after GC invocations=21 (full 4):
 PSYoungGen      total 257536K, used 24830K [0x00000000d5580000, 0x00000000e9380000, 0x0000000100000000)
  eden space 227840K, 0% used [0x00000000d5580000,0x00000000d5580000,0x00000000e3400000)
  from space 29696K, 83% used [0x00000000e3400000,0x00000000e4c3fa00,0x00000000e5100000)
  to   space 32256K, 0% used [0x00000000e7400000,0x00000000e7400000,0x00000000e9380000)
 ParOldGen       total 208896K, used 60654K [0x0000000080000000, 0x000000008cc00000, 0x00000000d5580000)
  object space 208896K, 29% used [0x0000000080000000,0x0000000083b3b938,0x000000008cc00000)
 Metaspace       used 104218K, capacity 109048K, committed 109260K, reserved 1142784K
  class space    used 13967K, capacity 14983K, committed 15104K, reserved 1048576K
}
Event: 514.286 GC heap before
{Heap before GC invocations=22 (full 4):
 PSYoungGen      total 257536K, used 252670K [0x00000000d5580000, 0x00000000e9380000, 0x0000000100000000)
  eden space 227840K, 100% used [0x00000000d5580000,0x00000000e3400000,0x00000000e3400000)
  from space 29696K, 83% used [0x00000000e3400000,0x00000000e4c3fa00,0x00000000e5100000)
  to   space 32256K, 0% used [0x00000000e7400000,0x00000000e7400000,0x00000000e9380000)
 ParOldGen       total 208896K, used 60654K [0x0000000080000000, 0x000000008cc00000, 0x00000000d5580000)
  object space 208896K, 29% used [0x0000000080000000,0x0000000083b3b938,0x000000008cc00000)
 Metaspace       used 106369K, capacity 111360K, committed 111564K, reserved 1144832K
  class space    used 14243K, capacity 15301K, committed 15360K, reserved 1048576K
Event: 514.308 GC heap after
Heap after GC invocations=22 (full 4):
 PSYoungGen      total 290304K, used 26454K [0x00000000d5580000, 0x00000000e9700000, 0x0000000100000000)
  eden space 258048K, 0% used [0x00000000d5580000,0x00000000d5580000,0x00000000e5180000)
  from space 32256K, 82% used [0x00000000e7400000,0x00000000e8dd5970,0x00000000e9380000)
  to   space 35328K, 0% used [0x00000000e5180000,0x00000000e5180000,0x00000000e7400000)
 ParOldGen       total 208896K, used 60662K [0x0000000080000000, 0x000000008cc00000, 0x00000000d5580000)
  object space 208896K, 29% used [0x0000000080000000,0x0000000083b3d938,0x000000008cc00000)
 Metaspace       used 106369K, capacity 111360K, committed 111564K, reserved 1144832K
  class space    used 14243K, capacity 15301K, committed 15360K, reserved 1048576K
}

