# JRE version: OpenJDK Runtime Environment (8.0_242-b01) (build 1.8.0_242-release-1644-b01)
# Java VM: OpenJDK 64-Bit Server VM (25.242-b01 mixed mode windows-amd64 compressed oops)
Heap:
 PSYoungGen      total 281600K, used 184190K [0x00000000d5580000, 0x00000000e8480000, 0x0000000100000000)
  eden space 252928K, 66% used [0x00000000d5580000,0x00000000dfa30d68,0x00000000e4c80000)
  from space 28672K, 54% used [0x00000000e4c80000,0x00000000e5baec28,0x00000000e6880000)
  to   space 26624K, 0% used [0x00000000e6a80000,0x00000000e6a80000,0x00000000e8480000)
 ParOldGen       total 127488K, used 110617K [0x0000000080000000, 0x0000000087c80000, 0x00000000d5580000)
  object space 127488K, 86% used [0x0000000080000000,0x0000000086c064a8,0x0000000087c80000)
 Metaspace       used 78000K, capacity 82174K, committed 84568K, reserved 1122304K
  class space    used 10584K, capacity 11344K, committed 11904K, reserved 1048576K
GC Heap History (10 events):
Event: 64.064 GC heap before
{Heap before GC invocations=22 (full 4):
 PSYoungGen      total 281600K, used 260072K [0x00000000d5580000, 0x00000000e8480000, 0x0000000100000000)
  eden space 252928K, 100% used [0x00000000d5580000,0x00000000e4c80000,0x00000000e4c80000)
  from space 28672K, 24% used [0x00000000e4c80000,0x00000000e537a398,0x00000000e6880000)
  to   space 26624K, 0% used [0x00000000e6a80000,0x00000000e6a80000,0x00000000e8480000)
 ParOldGen       total 127488K, used 102561K [0x0000000080000000, 0x0000000087c80000, 0x00000000d5580000)
  object space 127488K, 80% used [0x0000000080000000,0x00000000864286b8,0x0000000087c80000)
 Metaspace       used 77724K, capacity 81890K, committed 84568K, reserved 1122304K
  class space    used 10572K, capacity 11334K, committed 11904K, reserved 1048576K
Event: 64.078 GC heap after
Heap after GC invocations=22 (full 4):
 PSYoungGen      total 279552K, used 9528K [0x00000000d5580000, 0x00000000e8480000, 0x0000000100000000)
  eden space 252928K, 0% used [0x00000000d5580000,0x00000000d5580000,0x00000000e4c80000)
  from space 26624K, 35% used [0x00000000e6a80000,0x00000000e73ce3c8,0x00000000e8480000)
  to   space 28672K, 0% used [0x00000000e4c80000,0x00000000e4c80000,0x00000000e6880000)
 ParOldGen       total 127488K, used 102561K [0x0000000080000000, 0x0000000087c80000, 0x00000000d5580000)
  object space 127488K, 80% used [0x0000000080000000,0x00000000864286b8,0x0000000087c80000)
 Metaspace       used 77724K, capacity 81890K, committed 84568K, reserved 1122304K
  class space    used 10572K, capacity 11334K, committed 11904K, reserved 1048576K
}
Event: 64.509 GC heap before
{Heap before GC invocations=23 (full 4):
 PSYoungGen      total 279552K, used 262456K [0x00000000d5580000, 0x00000000e8480000, 0x0000000100000000)
  eden space 252928K, 100% used [0x00000000d5580000,0x00000000e4c80000,0x00000000e4c80000)
  from space 26624K, 35% used [0x00000000e6a80000,0x00000000e73ce3c8,0x00000000e8480000)
  to   space 28672K, 0% used [0x00000000e4c80000,0x00000000e4c80000,0x00000000e6880000)
 ParOldGen       total 127488K, used 102561K [0x0000000080000000, 0x0000000087c80000, 0x00000000d5580000)
  object space 127488K, 80% used [0x0000000080000000,0x00000000864286b8,0x0000000087c80000)
 Metaspace       used 77762K, capacity 81954K, committed 84568K, reserved 1122304K
  class space    used 10576K, capacity 11334K, committed 11904K, reserved 1048576K
Event: 64.531 GC heap after
Heap after GC invocations=23 (full 4):
 PSYoungGen      total 281600K, used 11704K [0x00000000d5580000, 0x00000000e8480000, 0x0000000100000000)
  eden space 252928K, 0% used [0x00000000d5580000,0x00000000d5580000,0x00000000e4c80000)
  from space 28672K, 40% used [0x00000000e4c80000,0x00000000e57ee3b8,0x00000000e6880000)
  to   space 26624K, 0% used [0x00000000e6a80000,0x00000000e6a80000,0x00000000e8480000)
 ParOldGen       total 127488K, used 102569K [0x0000000080000000, 0x0000000087c80000, 0x00000000d5580000)
  object space 127488K, 80% used [0x0000000080000000,0x000000008642a6b8,0x0000000087c80000)
 Metaspace       used 77762K, capacity 81954K, committed 84568K, reserved 1122304K
  class space    used 10576K, capacity 11334K, committed 11904K, reserved 1048576K
}
Event: 64.911 GC heap before
{Heap before GC invocations=24 (full 4):
 PSYoungGen      total 281600K, used 264632K [0x00000000d5580000, 0x00000000e8480000, 0x0000000100000000)
  eden space 252928K, 100% used [0x00000000d5580000,0x00000000e4c80000,0x00000000e4c80000)
  from space 28672K, 40% used [0x00000000e4c80000,0x00000000e57ee3b8,0x00000000e6880000)
  to   space 26624K, 0% used [0x00000000e6a80000,0x00000000e6a80000,0x00000000e8480000)
 ParOldGen       total 127488K, used 102569K [0x0000000080000000, 0x0000000087c80000, 0x00000000d5580000)
  object space 127488K, 80% used [0x0000000080000000,0x000000008642a6b8,0x0000000087c80000)
 Metaspace       used 77796K, capacity 81954K, committed 84568K, reserved 1122304K
  class space    used 10576K, capacity 11334K, committed 11904K, reserved 1048576K
Event: 64.933 GC heap after
Heap after GC invocations=24 (full 4):
 PSYoungGen      total 279552K, used 14609K [0x00000000d5580000, 0x00000000e8480000, 0x0000000100000000)
  eden space 252928K, 0% used [0x00000000d5580000,0x00000000d5580000,0x00000000e4c80000)
  from space 26624K, 54% used [0x00000000e6a80000,0x00000000e78c4410,0x00000000e8480000)
  to   space 28672K, 0% used [0x00000000e4c80000,0x00000000e4c80000,0x00000000e6880000)
 ParOldGen       total 127488K, used 102569K [0x0000000080000000, 0x0000000087c80000, 0x00000000d5580000)
  object space 127488K, 80% used [0x0000000080000000,0x000000008642a6b8,0x0000000087c80000)
 Metaspace       used 77796K, capacity 81954K, committed 84568K, reserved 1122304K
  class space    used 10576K, capacity 11334K, committed 11904K, reserved 1048576K
}
Event: 66.210 GC heap before
{Heap before GC invocations=25 (full 4):
 PSYoungGen      total 279552K, used 267537K [0x00000000d5580000, 0x00000000e8480000, 0x0000000100000000)
  eden space 252928K, 100% used [0x00000000d5580000,0x00000000e4c80000,0x00000000e4c80000)
  from space 26624K, 54% used [0x00000000e6a80000,0x00000000e78c4410,0x00000000e8480000)
  to   space 28672K, 0% used [0x00000000e4c80000,0x00000000e4c80000,0x00000000e6880000)
 ParOldGen       total 127488K, used 102569K [0x0000000080000000, 0x0000000087c80000, 0x00000000d5580000)
  object space 127488K, 80% used [0x0000000080000000,0x000000008642a6b8,0x0000000087c80000)
 Metaspace       used 77936K, capacity 82126K, committed 84568K, reserved 1122304K
  class space    used 10578K, capacity 11338K, committed 11904K, reserved 1048576K
Event: 66.260 GC heap after
Heap after GC invocations=25 (full 4):
 PSYoungGen      total 281600K, used 10082K [0x00000000d5580000, 0x00000000e8480000, 0x0000000100000000)
  eden space 252928K, 0% used [0x00000000d5580000,0x00000000d5580000,0x00000000e4c80000)
  from space 28672K, 35% used [0x00000000e4c80000,0x00000000e5658968,0x00000000e6880000)
  to   space 26624K, 0% used [0x00000000e6a80000,0x00000000e6a80000,0x00000000e8480000)
 ParOldGen       total 127488K, used 106597K [0x0000000080000000, 0x0000000087c80000, 0x00000000d5580000)
  object space 127488K, 83% used [0x0000000080000000,0x00000000868196a0,0x0000000087c80000)
 Metaspace       used 77936K, capacity 82126K, committed 84568K, reserved 1122304K
  class space    used 10578K, capacity 11338K, committed 11904K, reserved 1048576K
}
Event: 66.842 GC heap before
{Heap before GC invocations=26 (full 4):
 PSYoungGen      total 281600K, used 263010K [0x00000000d5580000, 0x00000000e8480000, 0x0000000100000000)
  eden space 252928K, 100% used [0x00000000d5580000,0x00000000e4c80000,0x00000000e4c80000)
  from space 28672K, 35% used [0x00000000e4c80000,0x00000000e5658968,0x00000000e6880000)
  to   space 26624K, 0% used [0x00000000e6a80000,0x00000000e6a80000,0x00000000e8480000)
 ParOldGen       total 127488K, used 106597K [0x0000000080000000, 0x0000000087c80000, 0x00000000d5580000)
  object space 127488K, 83% used [0x0000000080000000,0x00000000868196a0,0x0000000087c80000)
 Metaspace       used 77973K, capacity 82154K, committed 84568K, reserved 1122304K
  class space    used 10580K, capacity 11342K, committed 11904K, reserved 1048576K
Event: 66.861 GC heap after
Heap after GC invocations=26 (full 4):
 PSYoungGen      total 279552K, used 12091K [0x00000000d5580000, 0x00000000e8480000, 0x0000000100000000)
  eden space 252928K, 0% used [0x00000000d5580000,0x00000000d5580000,0x00000000e4c80000)
  from space 26624K, 45% used [0x00000000e6a80000,0x00000000e764ee38,0x00000000e8480000)
  to   space 28672K, 0% used [0x00000000e4c80000,0x00000000e4c80000,0x00000000e6880000)
 ParOldGen       total 127488K, used 108812K [0x0000000080000000, 0x0000000087c80000, 0x00000000d5580000)
  object space 127488K, 85% used [0x0000000080000000,0x0000000086a433c0,0x0000000087c80000)
 Metaspace       used 77973K, capacity 82154K, committed 84568K, reserved 1122304K
  class space    used 10580K, capacity 11342K, committed 11904K, reserved 1048576K
}

