# JRE version: OpenJDK Runtime Environment (8.0_242-b01) (build 1.8.0_242-release-1644-b01)
# Java VM: OpenJDK 64-Bit Server VM (25.242-b01 mixed mode windows-amd64 compressed oops)
Heap:
 PSYoungGen      total 313344K, used 171385K [0x00000000d5580000, 0x00000000eaa80000, 0x0000000100000000)
  eden space 278528K, 61% used [0x00000000d5580000,0x00000000dfcde440,0x00000000e6580000)
  from space 34816K, 0% used [0x00000000e6580000,0x00000000e6580000,0x00000000e8780000)
  to   space 35840K, 0% used [0x00000000e8780000,0x00000000e8780000,0x00000000eaa80000)
 ParOldGen       total 141312K, used 72824K [0x0000000080000000, 0x0000000088a00000, 0x00000000d5580000)
  object space 141312K, 51% used [0x0000000080000000,0x000000008471e260,0x0000000088a00000)
 Metaspace       used 78469K, capacity 82660K, committed 84184K, reserved 1122304K
  class space    used 10598K, capacity 11355K, committed 11776K, reserved 1048576K
GC Heap History (10 events):
Event: 30.609 GC heap before
{Heap before GC invocations=29 (full 3):
 PSYoungGen      total 246784K, used 209184K [0x00000000d5580000, 0x00000000e8a80000, 0x0000000100000000)
  eden space 206336K, 100% used [0x00000000d5580000,0x00000000e1f00000,0x00000000e1f00000)
  from space 40448K, 7% used [0x00000000e1f00000,0x00000000e21c8000,0x00000000e4680000)
  to   space 39424K, 0% used [0x00000000e6400000,0x00000000e6400000,0x00000000e8a80000)
 ParOldGen       total 141312K, used 111481K [0x0000000080000000, 0x0000000088a00000, 0x00000000d5580000)
  object space 141312K, 78% used [0x0000000080000000,0x0000000086cde4f8,0x0000000088a00000)
 Metaspace       used 78275K, capacity 83086K, committed 83288K, reserved 1120256K
  class space    used 10703K, capacity 11606K, committed 11648K, reserved 1048576K
Event: 30.619 GC heap after
Heap after GC invocations=29 (full 3):
 PSYoungGen      total 276992K, used 3478K [0x00000000d5580000, 0x00000000e8980000, 0x0000000100000000)
  eden space 238592K, 0% used [0x00000000d5580000,0x00000000d5580000,0x00000000e3e80000)
  from space 38400K, 9% used [0x00000000e6400000,0x00000000e6765820,0x00000000e8980000)
  to   space 38400K, 0% used [0x00000000e3e80000,0x00000000e3e80000,0x00000000e6400000)
 ParOldGen       total 141312K, used 112916K [0x0000000080000000, 0x0000000088a00000, 0x00000000d5580000)
  object space 141312K, 79% used [0x0000000080000000,0x0000000086e45208,0x0000000088a00000)
 Metaspace       used 78275K, capacity 83086K, committed 83288K, reserved 1120256K
  class space    used 10703K, capacity 11606K, committed 11648K, reserved 1048576K
}
Event: 31.239 GC heap before
{Heap before GC invocations=30 (full 3):
 PSYoungGen      total 276992K, used 242070K [0x00000000d5580000, 0x00000000e8980000, 0x0000000100000000)
  eden space 238592K, 100% used [0x00000000d5580000,0x00000000e3e80000,0x00000000e3e80000)
  from space 38400K, 9% used [0x00000000e6400000,0x00000000e6765820,0x00000000e8980000)
  to   space 38400K, 0% used [0x00000000e3e80000,0x00000000e3e80000,0x00000000e6400000)
 ParOldGen       total 141312K, used 113834K [0x0000000080000000, 0x0000000088a00000, 0x00000000d5580000)
  object space 141312K, 80% used [0x0000000080000000,0x0000000086f2ab60,0x0000000088a00000)
 Metaspace       used 78835K, capacity 83856K, committed 84184K, reserved 1122304K
  class space    used 10775K, capacity 11671K, committed 11776K, reserved 1048576K
Event: 31.261 GC heap after
Heap after GC invocations=30 (full 3):
 PSYoungGen      total 276992K, used 9375K [0x00000000d5580000, 0x00000000eab00000, 0x0000000100000000)
  eden space 238592K, 0% used [0x00000000d5580000,0x00000000d5580000,0x00000000e3e80000)
  from space 38400K, 24% used [0x00000000e3e80000,0x00000000e47a7d98,0x00000000e6400000)
  to   space 36352K, 0% used [0x00000000e8780000,0x00000000e8780000,0x00000000eab00000)
 ParOldGen       total 141312K, used 115436K [0x0000000080000000, 0x0000000088a00000, 0x00000000d5580000)
  object space 141312K, 81% used [0x0000000080000000,0x00000000870bb1a8,0x0000000088a00000)
 Metaspace       used 78835K, capacity 83856K, committed 84184K, reserved 1122304K
  class space    used 10775K, capacity 11671K, committed 11776K, reserved 1048576K
}
Event: 31.769 GC heap before
{Heap before GC invocations=31 (full 3):
 PSYoungGen      total 276992K, used 247967K [0x00000000d5580000, 0x00000000eab00000, 0x0000000100000000)
  eden space 238592K, 100% used [0x00000000d5580000,0x00000000e3e80000,0x00000000e3e80000)
  from space 38400K, 24% used [0x00000000e3e80000,0x00000000e47a7d98,0x00000000e6400000)
  to   space 36352K, 0% used [0x00000000e8780000,0x00000000e8780000,0x00000000eab00000)
 ParOldGen       total 141312K, used 115437K [0x0000000080000000, 0x0000000088a00000, 0x00000000d5580000)
  object space 141312K, 81% used [0x0000000080000000,0x00000000870bb758,0x0000000088a00000)
 Metaspace       used 78889K, capacity 83870K, committed 84184K, reserved 1122304K
  class space    used 10776K, capacity 11672K, committed 11776K, reserved 1048576K
Event: 31.791 GC heap after
Heap after GC invocations=31 (full 3):
 PSYoungGen      total 314368K, used 7344K [0x00000000d5580000, 0x00000000eaa80000, 0x0000000100000000)
  eden space 278528K, 0% used [0x00000000d5580000,0x00000000d5580000,0x00000000e6580000)
  from space 35840K, 20% used [0x00000000e8780000,0x00000000e8eac020,0x00000000eaa80000)
  to   space 34816K, 0% used [0x00000000e6580000,0x00000000e6580000,0x00000000e8780000)
 ParOldGen       total 141312K, used 120909K [0x0000000080000000, 0x0000000088a00000, 0x00000000d5580000)
  object space 141312K, 85% used [0x0000000080000000,0x0000000087613430,0x0000000088a00000)
 Metaspace       used 78889K, capacity 83870K, committed 84184K, reserved 1122304K
  class space    used 10776K, capacity 11672K, committed 11776K, reserved 1048576K
}
Event: 32.421 GC heap before
{Heap before GC invocations=32 (full 3):
 PSYoungGen      total 314368K, used 285872K [0x00000000d5580000, 0x00000000eaa80000, 0x0000000100000000)
  eden space 278528K, 100% used [0x00000000d5580000,0x00000000e6580000,0x00000000e6580000)
  from space 35840K, 20% used [0x00000000e8780000,0x00000000e8eac020,0x00000000eaa80000)
  to   space 34816K, 0% used [0x00000000e6580000,0x00000000e6580000,0x00000000e8780000)
 ParOldGen       total 141312K, used 120909K [0x0000000080000000, 0x0000000088a00000, 0x00000000d5580000)
  object space 141312K, 85% used [0x0000000080000000,0x0000000087613430,0x0000000088a00000)
 Metaspace       used 78983K, capacity 83998K, committed 84184K, reserved 1122304K
  class space    used 10776K, capacity 11672K, committed 11776K, reserved 1048576K
Event: 32.437 GC heap after
Heap after GC invocations=32 (full 3):
 PSYoungGen      total 313344K, used 2176K [0x00000000d5580000, 0x00000000eaa80000, 0x0000000100000000)
  eden space 278528K, 0% used [0x00000000d5580000,0x00000000d5580000,0x00000000e6580000)
  from space 34816K, 6% used [0x00000000e6580000,0x00000000e67a0000,0x00000000e8780000)
  to   space 35840K, 0% used [0x00000000e8780000,0x00000000e8780000,0x00000000eaa80000)
 ParOldGen       total 141312K, used 125367K [0x0000000080000000, 0x0000000088a00000, 0x00000000d5580000)
  object space 141312K, 88% used [0x0000000080000000,0x0000000087a6dc80,0x0000000088a00000)
 Metaspace       used 78983K, capacity 83998K, committed 84184K, reserved 1122304K
  class space    used 10776K, capacity 11672K, committed 11776K, reserved 1048576K
}
Event: 32.437 GC heap before
{Heap before GC invocations=33 (full 4):
 PSYoungGen      total 313344K, used 2176K [0x00000000d5580000, 0x00000000eaa80000, 0x0000000100000000)
  eden space 278528K, 0% used [0x00000000d5580000,0x00000000d5580000,0x00000000e6580000)
  from space 34816K, 6% used [0x00000000e6580000,0x00000000e67a0000,0x00000000e8780000)
  to   space 35840K, 0% used [0x00000000e8780000,0x00000000e8780000,0x00000000eaa80000)
 ParOldGen       total 141312K, used 125367K [0x0000000080000000, 0x0000000088a00000, 0x00000000d5580000)
  object space 141312K, 88% used [0x0000000080000000,0x0000000087a6dc80,0x0000000088a00000)
 Metaspace       used 78983K, capacity 83998K, committed 84184K, reserved 1122304K
  class space    used 10776K, capacity 11672K, committed 11776K, reserved 1048576K
Event: 32.734 GC heap after
Heap after GC invocations=33 (full 4):
 PSYoungGen      total 313344K, used 0K [0x00000000d5580000, 0x00000000eaa80000, 0x0000000100000000)
  eden space 278528K, 0% used [0x00000000d5580000,0x00000000d5580000,0x00000000e6580000)
  from space 34816K, 0% used [0x00000000e6580000,0x00000000e6580000,0x00000000e8780000)
  to   space 35840K, 0% used [0x00000000e8780000,0x00000000e8780000,0x00000000eaa80000)
 ParOldGen       total 141312K, used 72824K [0x0000000080000000, 0x0000000088a00000, 0x00000000d5580000)
  object space 141312K, 51% used [0x0000000080000000,0x000000008471e260,0x0000000088a00000)
 Metaspace       used 78460K, capacity 82648K, committed 84184K, reserved 1122304K
  class space    used 10596K, capacity 11353K, committed 11776K, reserved 1048576K
}

