# JRE version: OpenJDK Runtime Environment (8.0_242-b01) (build 1.8.0_242-release-1644-b01)
# Java VM: OpenJDK 64-Bit Server VM (25.242-b01 mixed mode windows-amd64 compressed oops)
Heap:
 PSYoungGen      total 219136K, used 21920K [0x00000000d5580000, 0x00000000e4780000, 0x0000000100000000)
  eden space 201216K, 10% used [0x00000000d5580000,0x00000000d6ae82c0,0x00000000e1a00000)
  from space 17920K, 0% used [0x00000000e2b00000,0x00000000e2b00000,0x00000000e3c80000)
  to   space 17408K, 0% used [0x00000000e1a00000,0x00000000e1a00000,0x00000000e2b00000)
 ParOldGen       total 131072K, used 38164K [0x0000000080000000, 0x0000000088000000, 0x00000000d5580000)
  object space 131072K, 29% used [0x0000000080000000,0x00000000825453e0,0x0000000088000000)
 Metaspace       used 57874K, capacity 60246K, committed 60376K, reserved 1101824K
  class space    used 7952K, capacity 8420K, committed 8448K, reserved 1048576K
GC Heap History (10 events):
Event: 5.948 GC heap before
{Heap before GC invocations=11 (full 2):
 PSYoungGen      total 122368K, used 7923K [0x00000000d5580000, 0x00000000e0980000, 0x0000000100000000)
  eden space 110592K, 0% used [0x00000000d5580000,0x00000000d5580000,0x00000000dc180000)
  from space 11776K, 67% used [0x00000000dc180000,0x00000000dc93cdd8,0x00000000dcd00000)
  to   space 11776K, 0% used [0x00000000dfe00000,0x00000000dfe00000,0x00000000e0980000)
 ParOldGen       total 56832K, used 9341K [0x0000000080000000, 0x0000000083780000, 0x00000000d5580000)
  object space 56832K, 16% used [0x0000000080000000,0x000000008091f7a0,0x0000000083780000)
 Metaspace       used 34226K, capacity 35392K, committed 35416K, reserved 1079296K
  class space    used 4707K, capacity 4973K, committed 4992K, reserved 1048576K
Event: 5.992 GC heap after
Heap after GC invocations=11 (full 2):
 PSYoungGen      total 122368K, used 0K [0x00000000d5580000, 0x00000000e0980000, 0x0000000100000000)
  eden space 110592K, 0% used [0x00000000d5580000,0x00000000d5580000,0x00000000dc180000)
  from space 11776K, 0% used [0x00000000dc180000,0x00000000dc180000,0x00000000dcd00000)
  to   space 11776K, 0% used [0x00000000dfe00000,0x00000000dfe00000,0x00000000e0980000)
 ParOldGen       total 79360K, used 14547K [0x0000000080000000, 0x0000000084d80000, 0x00000000d5580000)
  object space 79360K, 18% used [0x0000000080000000,0x0000000080e34f80,0x0000000084d80000)
 Metaspace       used 34226K, capacity 35392K, committed 35416K, reserved 1079296K
  class space    used 4707K, capacity 4973K, committed 4992K, reserved 1048576K
}
Event: 7.136 GC heap before
{Heap before GC invocations=12 (full 2):
 PSYoungGen      total 122368K, used 110592K [0x00000000d5580000, 0x00000000e0980000, 0x0000000100000000)
  eden space 110592K, 100% used [0x00000000d5580000,0x00000000dc180000,0x00000000dc180000)
  from space 11776K, 0% used [0x00000000dc180000,0x00000000dc180000,0x00000000dcd00000)
  to   space 11776K, 0% used [0x00000000dfe00000,0x00000000dfe00000,0x00000000e0980000)
 ParOldGen       total 79360K, used 14547K [0x0000000080000000, 0x0000000084d80000, 0x00000000d5580000)
  object space 79360K, 18% used [0x0000000080000000,0x0000000080e34f80,0x0000000084d80000)
 Metaspace       used 37956K, capacity 39616K, committed 39896K, reserved 1083392K
  class space    used 5226K, capacity 5585K, committed 5632K, reserved 1048576K
Event: 7.148 GC heap after
Heap after GC invocations=12 (full 2):
 PSYoungGen      total 158720K, used 9723K [0x00000000d5580000, 0x00000000e0780000, 0x0000000100000000)
  eden space 148992K, 0% used [0x00000000d5580000,0x00000000d5580000,0x00000000de700000)
  from space 9728K, 99% used [0x00000000dfe00000,0x00000000e077ee80,0x00000000e0780000)
  to   space 12288K, 0% used [0x00000000def80000,0x00000000def80000,0x00000000dfb80000)
 ParOldGen       total 79360K, used 14555K [0x0000000080000000, 0x0000000084d80000, 0x00000000d5580000)
  object space 79360K, 18% used [0x0000000080000000,0x0000000080e36f80,0x0000000084d80000)
 Metaspace       used 37956K, capacity 39616K, committed 39896K, reserved 1083392K
  class space    used 5226K, capacity 5585K, committed 5632K, reserved 1048576K
}
Event: 9.061 GC heap before
{Heap before GC invocations=13 (full 2):
 PSYoungGen      total 158720K, used 158715K [0x00000000d5580000, 0x00000000e0780000, 0x0000000100000000)
  eden space 148992K, 100% used [0x00000000d5580000,0x00000000de700000,0x00000000de700000)
  from space 9728K, 99% used [0x00000000dfe00000,0x00000000e077ee80,0x00000000e0780000)
  to   space 12288K, 0% used [0x00000000def80000,0x00000000def80000,0x00000000dfb80000)
 ParOldGen       total 79360K, used 14555K [0x0000000080000000, 0x0000000084d80000, 0x00000000d5580000)
  object space 79360K, 18% used [0x0000000080000000,0x0000000080e36f80,0x0000000084d80000)
 Metaspace       used 50979K, capacity 53166K, committed 53336K, reserved 1095680K
  class space    used 6818K, capacity 7255K, committed 7296K, reserved 1048576K
Event: 9.101 GC heap after
Heap after GC invocations=13 (full 2):
 PSYoungGen      total 169984K, used 12272K [0x00000000d5580000, 0x00000000e3c80000, 0x0000000100000000)
  eden space 157696K, 0% used [0x00000000d5580000,0x00000000d5580000,0x00000000def80000)
  from space 12288K, 99% used [0x00000000def80000,0x00000000dfb7c3a8,0x00000000dfb80000)
  to   space 17920K, 0% used [0x00000000e2b00000,0x00000000e2b00000,0x00000000e3c80000)
 ParOldGen       total 79360K, used 26833K [0x0000000080000000, 0x0000000084d80000, 0x00000000d5580000)
  object space 79360K, 33% used [0x0000000080000000,0x0000000081a345a0,0x0000000084d80000)
 Metaspace       used 50979K, capacity 53166K, committed 53336K, reserved 1095680K
  class space    used 6818K, capacity 7255K, committed 7296K, reserved 1048576K
}
Event: 10.376 GC heap before
{Heap before GC invocations=14 (full 2):
 PSYoungGen      total 169984K, used 105306K [0x00000000d5580000, 0x00000000e3c80000, 0x0000000100000000)
  eden space 157696K, 58% used [0x00000000d5580000,0x00000000db05a688,0x00000000def80000)
  from space 12288K, 99% used [0x00000000def80000,0x00000000dfb7c3a8,0x00000000dfb80000)
  to   space 17920K, 0% used [0x00000000e2b00000,0x00000000e2b00000,0x00000000e3c80000)
 ParOldGen       total 79360K, used 26833K [0x0000000080000000, 0x0000000084d80000, 0x00000000d5580000)
  object space 79360K, 33% used [0x0000000080000000,0x0000000081a345a0,0x0000000084d80000)
 Metaspace       used 56617K, capacity 58934K, committed 59028K, reserved 1099776K
  class space    used 7724K, capacity 8190K, committed 8192K, reserved 1048576K
Event: 10.405 GC heap after
Heap after GC invocations=14 (full 2):
 PSYoungGen      total 219136K, used 10253K [0x00000000d5580000, 0x00000000e4780000, 0x0000000100000000)
  eden space 201216K, 0% used [0x00000000d5580000,0x00000000d5580000,0x00000000e1a00000)
  from space 17920K, 57% used [0x00000000e2b00000,0x00000000e35037d0,0x00000000e3c80000)
  to   space 17408K, 0% used [0x00000000e1a00000,0x00000000e1a00000,0x00000000e2b00000)
 ParOldGen       total 79360K, used 36410K [0x0000000080000000, 0x0000000084d80000, 0x00000000d5580000)
  object space 79360K, 45% used [0x0000000080000000,0x000000008238eba8,0x0000000084d80000)
 Metaspace       used 56617K, capacity 58934K, committed 59028K, reserved 1099776K
  class space    used 7724K, capacity 8190K, committed 8192K, reserved 1048576K
}
Event: 10.405 GC heap before
{Heap before GC invocations=15 (full 3):
 PSYoungGen      total 219136K, used 10253K [0x00000000d5580000, 0x00000000e4780000, 0x0000000100000000)
  eden space 201216K, 0% used [0x00000000d5580000,0x00000000d5580000,0x00000000e1a00000)
  from space 17920K, 57% used [0x00000000e2b00000,0x00000000e35037d0,0x00000000e3c80000)
  to   space 17408K, 0% used [0x00000000e1a00000,0x00000000e1a00000,0x00000000e2b00000)
 ParOldGen       total 79360K, used 36410K [0x0000000080000000, 0x0000000084d80000, 0x00000000d5580000)
  object space 79360K, 45% used [0x0000000080000000,0x000000008238eba8,0x0000000084d80000)
 Metaspace       used 56617K, capacity 58934K, committed 59028K, reserved 1099776K
  class space    used 7724K, capacity 8190K, committed 8192K, reserved 1048576K
Event: 10.672 GC heap after
Heap after GC invocations=15 (full 3):
 PSYoungGen      total 219136K, used 0K [0x00000000d5580000, 0x00000000e4780000, 0x0000000100000000)
  eden space 201216K, 0% used [0x00000000d5580000,0x00000000d5580000,0x00000000e1a00000)
  from space 17920K, 0% used [0x00000000e2b00000,0x00000000e2b00000,0x00000000e3c80000)
  to   space 17408K, 0% used [0x00000000e1a00000,0x00000000e1a00000,0x00000000e2b00000)
 ParOldGen       total 131072K, used 38164K [0x0000000080000000, 0x0000000088000000, 0x00000000d5580000)
  object space 131072K, 29% used [0x0000000080000000,0x00000000825453e0,0x0000000088000000)
 Metaspace       used 56576K, capacity 58796K, committed 59028K, reserved 1099776K
  class space    used 7711K, capacity 8167K, committed 8192K, reserved 1048576K
}

