# JRE version: OpenJDK Runtime Environment (8.0_242-b01) (build 1.8.0_242-release-1644-b01)
# Java VM: OpenJDK 64-Bit Server VM (25.242-b01 mixed mode windows-amd64 compressed oops)
Heap:
 PSYoungGen      total 638464K, used 360859K [0x00000000d5580000, 0x0000000100000000, 0x0000000100000000)
  eden space 581120K, 52% used [0x00000000d5580000,0x00000000e7e623f8,0x00000000f8d00000)
  from space 57344K, 99% used [0x00000000f8d00000,0x00000000fc484968,0x00000000fc500000)
  to   space 60416K, 0% used [0x00000000fc500000,0x00000000fc500000,0x0000000100000000)
 ParOldGen       total 504320K, used 281636K [0x0000000080000000, 0x000000009ec80000, 0x00000000d5580000)
  object space 504320K, 55% used [0x0000000080000000,0x00000000913091a8,0x000000009ec80000)
 Metaspace       used 161284K, capacity 174348K, committed 174680K, reserved 1202176K
  class space    used 19934K, capacity 22281K, committed 22400K, reserved 1048576K
GC Heap History (10 events):
Event: 31448.696 GC heap before
{Heap before GC invocations=150 (full 7):
 PSYoungGen      total 642048K, used 619683K [0x00000000d5580000, 0x00000000ffd00000, 0x0000000100000000)
  eden space 591360K, 100% used [0x00000000d5580000,0x00000000f9700000,0x00000000f9700000)
  from space 50688K, 55% used [0x00000000fcb80000,0x00000000fe728dc8,0x00000000ffd00000)
  to   space 52224K, 0% used [0x00000000f9700000,0x00000000f9700000,0x00000000fca00000)
 ParOldGen       total 504320K, used 276142K [0x0000000080000000, 0x000000009ec80000, 0x00000000d5580000)
  object space 504320K, 54% used [0x0000000080000000,0x0000000090dab9d0,0x000000009ec80000)
 Metaspace       used 159770K, capacity 172656K, committed 173016K, reserved 1200128K
  class space    used 19775K, capacity 22051K, committed 22272K, reserved 1048576K
Event: 31448.876 GC heap after
Heap after GC invocations=150 (full 7):
 PSYoungGen      total 643584K, used 19734K [0x00000000d5580000, 0x00000000ffd80000, 0x0000000100000000)
  eden space 591360K, 0% used [0x00000000d5580000,0x00000000d5580000,0x00000000f9700000)
  from space 52224K, 37% used [0x00000000f9700000,0x00000000faa45ad0,0x00000000fca00000)
  to   space 50176K, 0% used [0x00000000fcc80000,0x00000000fcc80000,0x00000000ffd80000)
 ParOldGen       total 504320K, used 276150K [0x0000000080000000, 0x000000009ec80000, 0x00000000d5580000)
  object space 504320K, 54% used [0x0000000080000000,0x0000000090dad9d0,0x000000009ec80000)
 Metaspace       used 159770K, capacity 172656K, committed 173016K, reserved 1200128K
  class space    used 19775K, capacity 22051K, committed 22272K, reserved 1048576K
}
Event: 31454.686 GC heap before
{Heap before GC invocations=151 (full 7):
 PSYoungGen      total 643584K, used 611094K [0x00000000d5580000, 0x00000000ffd80000, 0x0000000100000000)
  eden space 591360K, 100% used [0x00000000d5580000,0x00000000f9700000,0x00000000f9700000)
  from space 52224K, 37% used [0x00000000f9700000,0x00000000faa45ad0,0x00000000fca00000)
  to   space 50176K, 0% used [0x00000000fcc80000,0x00000000fcc80000,0x00000000ffd80000)
 ParOldGen       total 504320K, used 276150K [0x0000000080000000, 0x000000009ec80000, 0x00000000d5580000)
  object space 504320K, 54% used [0x0000000080000000,0x0000000090dadba0,0x000000009ec80000)
 Metaspace       used 160541K, capacity 173588K, committed 173912K, reserved 1200128K
  class space    used 19859K, capacity 22175K, committed 22400K, reserved 1048576K
Event: 31455.151 GC heap after
Heap after GC invocations=151 (full 7):
 PSYoungGen      total 644096K, used 35914K [0x00000000d5580000, 0x0000000100000000, 0x0000000100000000)
  eden space 593920K, 0% used [0x00000000d5580000,0x00000000d5580000,0x00000000f9980000)
  from space 50176K, 71% used [0x00000000fcc80000,0x00000000fef92868,0x00000000ffd80000)
  to   space 52224K, 0% used [0x00000000f9980000,0x00000000f9980000,0x00000000fcc80000)
 ParOldGen       total 504320K, used 276158K [0x0000000080000000, 0x000000009ec80000, 0x00000000d5580000)
  object space 504320K, 54% used [0x0000000080000000,0x0000000090dafba0,0x000000009ec80000)
 Metaspace       used 160541K, capacity 173588K, committed 173912K, reserved 1200128K
  class space    used 19859K, capacity 22175K, committed 22400K, reserved 1048576K
}
Event: 31734.353 GC heap before
{Heap before GC invocations=152 (full 7):
 PSYoungGen      total 644096K, used 629834K [0x00000000d5580000, 0x0000000100000000, 0x0000000100000000)
  eden space 593920K, 100% used [0x00000000d5580000,0x00000000f9980000,0x00000000f9980000)
  from space 50176K, 71% used [0x00000000fcc80000,0x00000000fef92868,0x00000000ffd80000)
  to   space 52224K, 0% used [0x00000000f9980000,0x00000000f9980000,0x00000000fcc80000)
 ParOldGen       total 504320K, used 276170K [0x0000000080000000, 0x000000009ec80000, 0x00000000d5580000)
  object space 504320K, 54% used [0x0000000080000000,0x0000000090db2ad0,0x000000009ec80000)
 Metaspace       used 161282K, capacity 174348K, committed 174680K, reserved 1202176K
  class space    used 19934K, capacity 22281K, committed 22400K, reserved 1048576K
Event: 31735.422 GC heap after
Heap after GC invocations=152 (full 7):
 PSYoungGen      total 646144K, used 21398K [0x00000000d5580000, 0x00000000ffe00000, 0x0000000100000000)
  eden space 593920K, 0% used [0x00000000d5580000,0x00000000d5580000,0x00000000f9980000)
  from space 52224K, 40% used [0x00000000f9980000,0x00000000fae65ae8,0x00000000fcc80000)
  to   space 50176K, 0% used [0x00000000fcd00000,0x00000000fcd00000,0x00000000ffe00000)
 ParOldGen       total 504320K, used 276178K [0x0000000080000000, 0x000000009ec80000, 0x00000000d5580000)
  object space 504320K, 54% used [0x0000000080000000,0x0000000090db4ad0,0x000000009ec80000)
 Metaspace       used 161282K, capacity 174348K, committed 174680K, reserved 1202176K
  class space    used 19934K, capacity 22281K, committed 22400K, reserved 1048576K
}
Event: 31761.076 GC heap before
{Heap before GC invocations=153 (full 7):
 PSYoungGen      total 646144K, used 615318K [0x00000000d5580000, 0x00000000ffe00000, 0x0000000100000000)
  eden space 593920K, 100% used [0x00000000d5580000,0x00000000f9980000,0x00000000f9980000)
  from space 52224K, 40% used [0x00000000f9980000,0x00000000fae65ae8,0x00000000fcc80000)
  to   space 50176K, 0% used [0x00000000fcd00000,0x00000000fcd00000,0x00000000ffe00000)
 ParOldGen       total 504320K, used 276178K [0x0000000080000000, 0x000000009ec80000, 0x00000000d5580000)
  object space 504320K, 54% used [0x0000000080000000,0x0000000090db4b08,0x000000009ec80000)
 Metaspace       used 161282K, capacity 174348K, committed 174680K, reserved 1202176K
  class space    used 19934K, capacity 22281K, committed 22400K, reserved 1048576K
Event: 31762.539 GC heap after
Heap after GC invocations=153 (full 7):
 PSYoungGen      total 631296K, used 50153K [0x00000000d5580000, 0x0000000100000000, 0x0000000100000000)
  eden space 581120K, 0% used [0x00000000d5580000,0x00000000d5580000,0x00000000f8d00000)
  from space 50176K, 99% used [0x00000000fcd00000,0x00000000ffdfa510,0x00000000ffe00000)
  to   space 58880K, 0% used [0x00000000f8d00000,0x00000000f8d00000,0x00000000fc680000)
 ParOldGen       total 504320K, used 281047K [0x0000000080000000, 0x000000009ec80000, 0x00000000d5580000)
  object space 504320K, 55% used [0x0000000080000000,0x0000000091275d48,0x000000009ec80000)
 Metaspace       used 161282K, capacity 174348K, committed 174680K, reserved 1202176K
  class space    used 19934K, capacity 22281K, committed 22400K, reserved 1048576K
}
Event: 31766.157 GC heap before
{Heap before GC invocations=154 (full 7):
 PSYoungGen      total 631296K, used 631273K [0x00000000d5580000, 0x0000000100000000, 0x0000000100000000)
  eden space 581120K, 100% used [0x00000000d5580000,0x00000000f8d00000,0x00000000f8d00000)
  from space 50176K, 99% used [0x00000000fcd00000,0x00000000ffdfa510,0x00000000ffe00000)
  to   space 58880K, 0% used [0x00000000f8d00000,0x00000000f8d00000,0x00000000fc680000)
 ParOldGen       total 504320K, used 281050K [0x0000000080000000, 0x000000009ec80000, 0x00000000d5580000)
  object space 504320K, 55% used [0x0000000080000000,0x0000000091276a70,0x000000009ec80000)
 Metaspace       used 161284K, capacity 174348K, committed 174680K, reserved 1202176K
  class space    used 19934K, capacity 22281K, committed 22400K, reserved 1048576K
Event: 31770.401 GC heap after
Heap after GC invocations=154 (full 7):
 PSYoungGen      total 638464K, used 56850K [0x00000000d5580000, 0x0000000100000000, 0x0000000100000000)
  eden space 581120K, 0% used [0x00000000d5580000,0x00000000d5580000,0x00000000f8d00000)
  from space 57344K, 99% used [0x00000000f8d00000,0x00000000fc484968,0x00000000fc500000)
  to   space 60416K, 0% used [0x00000000fc500000,0x00000000fc500000,0x0000000100000000)
 ParOldGen       total 504320K, used 281636K [0x0000000080000000, 0x000000009ec80000, 0x00000000d5580000)
  object space 504320K, 55% used [0x0000000080000000,0x00000000913091a8,0x000000009ec80000)
 Metaspace       used 161284K, capacity 174348K, committed 174680K, reserved 1202176K
  class space    used 19934K, capacity 22281K, committed 22400K, reserved 1048576K
}

